build/app/intermediates/manifest_merge_blame_file/debug/manifest-merger-blame-debug-report.txt
1<?xml version="1.0" encoding="utf-8"?>
2<manifest xmlns:android="http://schemas.android.com/apk/res/android"
3    package="com.example.monkey_talk"
4    android:versionCode="1"
5    android:versionName="1.0.0" >
6
7    <uses-sdk
8        android:minSdkVersion="21"
9        android:targetSdkVersion="33" />
10    <!--
11         The INTERNET permission is required for development. Specifically,
12         the Flutter tool needs it to communicate with the running application
13         to allow setting breakpoints, to provide hot reload, etc.
14    -->
15    <uses-permission android:name="android.permission.INTERNET" />
15-->src/debug/AndroidManifest.xml:6:5-66
15-->src/debug/AndroidManifest.xml:6:22-64
16    <uses-permission android:name="android.permission.CAMERA" />
16-->[:camera_android] AndroidManifest.xml:9:5-65
16-->[:camera_android] AndroidManifest.xml:9:22-62
17    <uses-permission android:name="android.permission.RECORD_AUDIO" />
17-->[:camera_android] AndroidManifest.xml:10:5-71
17-->[:camera_android] AndroidManifest.xml:10:22-68
18    <uses-permission android:name="android.permission.ACCESS_NETWORK_STATE" />
18-->[com.google.firebase:firebase-auth:22.1.2] AndroidManifest.xml:26:5-79
18-->[com.google.firebase:firebase-auth:22.1.2] AndroidManifest.xml:26:22-76
19
20    <permission
20-->[androidx.core:core:1.9.0] AndroidManifest.xml:22:5-24:47
21        android:name="com.example.monkey_talk.DYNAMIC_RECEIVER_NOT_EXPORTED_PERMISSION"
21-->[androidx.core:core:1.9.0] AndroidManifest.xml:23:9-81
22        android:protectionLevel="signature" />
22-->[androidx.core:core:1.9.0] AndroidManifest.xml:24:9-44
23
24    <uses-permission android:name="com.example.monkey_talk.DYNAMIC_RECEIVER_NOT_EXPORTED_PERMISSION" />
24-->[androidx.core:core:1.9.0] AndroidManifest.xml:26:5-97
24-->[androidx.core:core:1.9.0] AndroidManifest.xml:26:22-94
25
26    <application
27        android:name="android.app.Application"
28        android:appComponentFactory="androidx.core.app.CoreComponentFactory"
28-->[androidx.core:core:1.9.0] AndroidManifest.xml:28:18-86
29        android:debuggable="true"
30        android:icon="@mipmap/ic_launcher"
31        android:label="monkey_talk" >
32        <activity
33            android:name="com.example.monkey_talk.MainActivity"
34            android:configChanges="orientation|keyboardHidden|keyboard|screenSize|smallestScreenSize|locale|layoutDirection|fontScale|screenLayout|density|uiMode"
35            android:exported="true"
36            android:hardwareAccelerated="true"
37            android:launchMode="singleTop"
38            android:theme="@style/LaunchTheme"
39            android:windowSoftInputMode="adjustResize" >
40
41            <!--
42                 Specifies an Android theme to apply to this Activity as soon as
43                 the Android process has started. This theme is visible to the user
44                 while the Flutter UI initializes. After that, this theme continues
45                 to determine the Window background behind the Flutter UI.
46            -->
47            <meta-data
48                android:name="io.flutter.embedding.android.NormalTheme"
49                android:resource="@style/NormalTheme" />
50
51            <intent-filter>
52                <action android:name="android.intent.action.MAIN" />
53
54                <category android:name="android.intent.category.LAUNCHER" />
55            </intent-filter>
56        </activity>
57        <!--
58             Don't delete the meta-data below.
59             This is used by the Flutter tool to generate GeneratedPluginRegistrant.java
60        -->
61        <meta-data
62            android:name="flutterEmbedding"
63            android:value="2" />
64
65        <service
65-->[:firebase_auth] AndroidManifest.xml:10:9-14:19
66            android:name="com.google.firebase.components.ComponentDiscoveryService"
66-->[:firebase_auth] AndroidManifest.xml:10:18-89
67            android:directBootAware="true"
67-->[com.google.firebase:firebase-common:20.3.3] AndroidManifest.xml:34:13-43
68            android:exported="false" >
68-->[com.google.firebase:firebase-auth:22.1.2] AndroidManifest.xml:68:13-37
69            <meta-data
69-->[:firebase_auth] AndroidManifest.xml:11:13-13:85
70                android:name="com.google.firebase.components:io.flutter.plugins.firebase.auth.FlutterFirebaseAuthRegistrar"
70-->[:firebase_auth] AndroidManifest.xml:12:17-124
71                android:value="com.google.firebase.components.ComponentRegistrar" />
71-->[:firebase_auth] AndroidManifest.xml:13:17-82
72            <meta-data
72-->[:cloud_firestore] AndroidManifest.xml:11:13-13:85
73                android:name="com.google.firebase.components:io.flutter.plugins.firebase.firestore.FlutterFirebaseFirestoreRegistrar"
73-->[:cloud_firestore] AndroidManifest.xml:12:17-134
74                android:value="com.google.firebase.components.ComponentRegistrar" />
74-->[:cloud_firestore] AndroidManifest.xml:13:17-82
75            <meta-data
75-->[:firebase_core] AndroidManifest.xml:11:13-13:85
76                android:name="com.google.firebase.components:io.flutter.plugins.firebase.core.FlutterFirebaseCoreRegistrar"
76-->[:firebase_core] AndroidManifest.xml:12:17-124
77                android:value="com.google.firebase.components.ComponentRegistrar" />
77-->[:firebase_core] AndroidManifest.xml:13:17-82
78            <meta-data
78-->[com.google.firebase:firebase-auth:22.1.2] AndroidManifest.xml:69:13-71:85
79                android:name="com.google.firebase.components:com.google.firebase.auth.FirebaseAuthRegistrar"
79-->[com.google.firebase:firebase-auth:22.1.2] AndroidManifest.xml:70:17-109
80                android:value="com.google.firebase.components.ComponentRegistrar" />
80-->[com.google.firebase:firebase-auth:22.1.2] AndroidManifest.xml:71:17-82
81            <meta-data
81-->[com.google.firebase:firebase-firestore:24.8.1] AndroidManifest.xml:17:13-19:85
82                android:name="com.google.firebase.components:com.google.firebase.firestore.FirestoreRegistrar"
82-->[com.google.firebase:firebase-firestore:24.8.1] AndroidManifest.xml:18:17-111
83                android:value="com.google.firebase.components.ComponentRegistrar" />
83-->[com.google.firebase:firebase-firestore:24.8.1] AndroidManifest.xml:19:17-82
84        </service>
85        <service
85-->[:geolocator_android] AndroidManifest.xml:10:9-14:56
86            android:name="com.baseflow.geolocator.GeolocatorLocationService"
86-->[:geolocator_android] AndroidManifest.xml:11:13-77
87            android:enabled="true"
87-->[:geolocator_android] AndroidManifest.xml:12:13-35
88            android:exported="false"
88-->[:geolocator_android] AndroidManifest.xml:13:13-37
89            android:foregroundServiceType="location" />
89-->[:geolocator_android] AndroidManifest.xml:14:13-53
90
91        <activity
91-->[com.google.firebase:firebase-auth:22.1.2] AndroidManifest.xml:29:9-46:20
92            android:name="com.google.firebase.auth.internal.GenericIdpActivity"
92-->[com.google.firebase:firebase-auth:22.1.2] AndroidManifest.xml:30:13-80
93            android:excludeFromRecents="true"
93-->[com.google.firebase:firebase-auth:22.1.2] AndroidManifest.xml:31:13-46
94            android:exported="true"
94-->[com.google.firebase:firebase-auth:22.1.2] AndroidManifest.xml:32:13-36
95            android:launchMode="singleTask"
95-->[com.google.firebase:firebase-auth:22.1.2] AndroidManifest.xml:33:13-44
96            android:theme="@android:style/Theme.Translucent.NoTitleBar" >
96-->[com.google.firebase:firebase-auth:22.1.2] AndroidManifest.xml:34:13-72
97            <intent-filter>
97-->[com.google.firebase:firebase-auth:22.1.2] AndroidManifest.xml:35:13-45:29
98                <action android:name="android.intent.action.VIEW" />
98-->[com.google.firebase:firebase-auth:22.1.2] AndroidManifest.xml:36:17-69
98-->[com.google.firebase:firebase-auth:22.1.2] AndroidManifest.xml:36:25-66
99
100                <category android:name="android.intent.category.DEFAULT" />
100-->[com.google.firebase:firebase-auth:22.1.2] AndroidManifest.xml:38:17-76
100-->[com.google.firebase:firebase-auth:22.1.2] AndroidManifest.xml:38:27-73
101                <category android:name="android.intent.category.BROWSABLE" />
101-->[com.google.firebase:firebase-auth:22.1.2] AndroidManifest.xml:39:17-78
101-->[com.google.firebase:firebase-auth:22.1.2] AndroidManifest.xml:39:27-75
102
103                <data
103-->[com.google.firebase:firebase-auth:22.1.2] AndroidManifest.xml:41:17-44:51
104                    android:host="firebase.auth"
104-->[com.google.firebase:firebase-auth:22.1.2] AndroidManifest.xml:42:21-49
105                    android:path="/"
105-->[com.google.firebase:firebase-auth:22.1.2] AndroidManifest.xml:43:21-37
106                    android:scheme="genericidp" />
106-->[com.google.firebase:firebase-auth:22.1.2] AndroidManifest.xml:44:21-48
107            </intent-filter>
108        </activity>
109        <activity
109-->[com.google.firebase:firebase-auth:22.1.2] AndroidManifest.xml:47:9-64:20
110            android:name="com.google.firebase.auth.internal.RecaptchaActivity"
110-->[com.google.firebase:firebase-auth:22.1.2] AndroidManifest.xml:48:13-79
111            android:excludeFromRecents="true"
111-->[com.google.firebase:firebase-auth:22.1.2] AndroidManifest.xml:49:13-46
112            android:exported="true"
112-->[com.google.firebase:firebase-auth:22.1.2] AndroidManifest.xml:50:13-36
113            android:launchMode="singleTask"
113-->[com.google.firebase:firebase-auth:22.1.2] AndroidManifest.xml:51:13-44
114            android:theme="@android:style/Theme.Translucent.NoTitleBar" >
114-->[com.google.firebase:firebase-auth:22.1.2] AndroidManifest.xml:52:13-72
115            <intent-filter>
115-->[com.google.firebase:firebase-auth:22.1.2] AndroidManifest.xml:53:13-63:29
116                <action android:name="android.intent.action.VIEW" />
116-->[com.google.firebase:firebase-auth:22.1.2] AndroidManifest.xml:36:17-69
116-->[com.google.firebase:firebase-auth:22.1.2] AndroidManifest.xml:36:25-66
117
118                <category android:name="android.intent.category.DEFAULT" />
118-->[com.google.firebase:firebase-auth:22.1.2] AndroidManifest.xml:38:17-76
118-->[com.google.firebase:firebase-auth:22.1.2] AndroidManifest.xml:38:27-73
119                <category android:name="android.intent.category.BROWSABLE" />
119-->[com.google.firebase:firebase-auth:22.1.2] AndroidManifest.xml:39:17-78
119-->[com.google.firebase:firebase-auth:22.1.2] AndroidManifest.xml:39:27-75
120
121                <data
121-->[com.google.firebase:firebase-auth:22.1.2] AndroidManifest.xml:41:17-44:51
122                    android:host="firebase.auth"
122-->[com.google.firebase:firebase-auth:22.1.2] AndroidManifest.xml:42:21-49
123                    android:path="/"
123-->[com.google.firebase:firebase-auth:22.1.2] AndroidManifest.xml:43:21-37
124                    android:scheme="recaptcha" />
124-->[com.google.firebase:firebase-auth:22.1.2] AndroidManifest.xml:44:21-48
125            </intent-filter>
126        </activity>
127
128        <uses-library
128-->[androidx.window:window:1.0.0-beta04] AndroidManifest.xml:25:9-27:40
129            android:name="androidx.window.extensions"
129-->[androidx.window:window:1.0.0-beta04] AndroidManifest.xml:26:13-54
130            android:required="false" />
130-->[androidx.window:window:1.0.0-beta04] AndroidManifest.xml:27:13-37
131        <uses-library
131-->[androidx.window:window:1.0.0-beta04] AndroidManifest.xml:28:9-30:40
132            android:name="androidx.window.sidecar"
132-->[androidx.window:window:1.0.0-beta04] AndroidManifest.xml:29:13-51
133            android:required="false" />
133-->[androidx.window:window:1.0.0-beta04] AndroidManifest.xml:30:13-37
134
135        <provider
135-->[com.google.firebase:firebase-common:20.3.3] AndroidManifest.xml:25:9-30:39
136            android:name="com.google.firebase.provider.FirebaseInitProvider"
136-->[com.google.firebase:firebase-common:20.3.3] AndroidManifest.xml:26:13-77
137            android:authorities="com.example.monkey_talk.firebaseinitprovider"
137-->[com.google.firebase:firebase-common:20.3.3] AndroidManifest.xml:27:13-72
138            android:directBootAware="true"
138-->[com.google.firebase:firebase-common:20.3.3] AndroidManifest.xml:28:13-43
139            android:exported="false"
139-->[com.google.firebase:firebase-common:20.3.3] AndroidManifest.xml:29:13-37
140            android:initOrder="100" />
140-->[com.google.firebase:firebase-common:20.3.3] AndroidManifest.xml:30:13-36
141
142        <activity
142-->[com.google.android.gms:play-services-auth:20.7.0] AndroidManifest.xml:23:9-27:75
143            android:name="com.google.android.gms.auth.api.signin.internal.SignInHubActivity"
143-->[com.google.android.gms:play-services-auth:20.7.0] AndroidManifest.xml:24:13-93
144            android:excludeFromRecents="true"
144-->[com.google.android.gms:play-services-auth:20.7.0] AndroidManifest.xml:25:13-46
145            android:exported="false"
145-->[com.google.android.gms:play-services-auth:20.7.0] AndroidManifest.xml:26:13-37
146            android:theme="@android:style/Theme.Translucent.NoTitleBar" />
146-->[com.google.android.gms:play-services-auth:20.7.0] AndroidManifest.xml:27:13-72
147        <!--
148            Service handling Google Sign-In user revocation. For apps that do not integrate with
149            Google Sign-In, this service will never be started.
150        -->
151        <service
151-->[com.google.android.gms:play-services-auth:20.7.0] AndroidManifest.xml:33:9-37:51
152            android:name="com.google.android.gms.auth.api.signin.RevocationBoundService"
152-->[com.google.android.gms:play-services-auth:20.7.0] AndroidManifest.xml:34:13-89
153            android:exported="true"
153-->[com.google.android.gms:play-services-auth:20.7.0] AndroidManifest.xml:35:13-36
154            android:permission="com.google.android.gms.auth.api.signin.permission.REVOCATION_NOTIFICATION"
154-->[com.google.android.gms:play-services-auth:20.7.0] AndroidManifest.xml:36:13-107
155            android:visibleToInstantApps="true" />
155-->[com.google.android.gms:play-services-auth:20.7.0] AndroidManifest.xml:37:13-48
156
157        <activity
157-->[com.google.android.gms:play-services-base:18.1.0] AndroidManifest.xml:20:9-22:45
158            android:name="com.google.android.gms.common.api.GoogleApiActivity"
158-->[com.google.android.gms:play-services-base:18.1.0] AndroidManifest.xml:20:19-85
159            android:exported="false"
159-->[com.google.android.gms:play-services-base:18.1.0] AndroidManifest.xml:22:19-43
160            android:theme="@android:style/Theme.Translucent.NoTitleBar" />
160-->[com.google.android.gms:play-services-base:18.1.0] AndroidManifest.xml:21:19-78
161
162        <meta-data
162-->[com.google.android.gms:play-services-basement:18.2.0] AndroidManifest.xml:21:9-23:69
163            android:name="com.google.android.gms.version"
163-->[com.google.android.gms:play-services-basement:18.2.0] AndroidManifest.xml:22:13-58
164            android:value="@integer/google_play_services_version" />
164-->[com.google.android.gms:play-services-basement:18.2.0] AndroidManifest.xml:23:13-66
165    </application>
166
167</manifest>